# JRE version: OpenJDK Runtime Environment Temurin-17.0.13+11 (17.0.13+11) (build 17.0.13+11)
# Java VM: OpenJDK 64-Bit Server VM Temurin-17.0.13+11 (17.0.13+11, mixed mode, tiered, compressed oops, compressed class ptrs, g1 gc, windows-amd64)
GC Precious Log:
 CPUs: 12 total, 12 available
 Memory: 7933M
 Large Page Support: Disabled
 NUMA Support: Disabled
 Compressed Oops: Enabled (32-bit)
 Heap Region Size: 1M
 Heap Min Capacity: 8M
 Heap Initial Capacity: 124M
 Heap Max Capacity: 1984M
 Pre-touch: Disabled
 Parallel Workers: 10
 Concurrent Workers: 3
 Concurrent Refinement Workers: 10
 Periodic GC: Disabled
Heap:
 garbage-first heap   total 81920K, used 41222K [0x0000000084000000, 0x0000000100000000)
  region size 1024K, 4 young (4096K), 3 survivors (3072K)
 Metaspace       used 82549K, committed 83200K, reserved 1179648K
  class space    used 11009K, committed 11328K, reserved 1048576K
GC Heap History (20 events):
Event: 3.177 GC heap before
{Heap before GC invocations=14 (full 0):
 garbage-first heap   total 61440K, used 46472K [0x0000000084000000, 0x0000000100000000)
  region size 1024K, 29 young (29696K), 3 survivors (3072K)
 Metaspace       used 58793K, committed 59264K, reserved 1114112K
  class space    used 7658K, committed 7872K, reserved 1048576K
}
Event: 3.180 GC heap after
{Heap after GC invocations=15 (full 0):
 garbage-first heap   total 61440K, used 22596K [0x0000000084000000, 0x0000000100000000)
  region size 1024K, 2 young (2048K), 2 survivors (2048K)
 Metaspace       used 58793K, committed 59264K, reserved 1114112K
  class space    used 7658K, committed 7872K, reserved 1048576K
}
Event: 3.236 GC heap before
{Heap before GC invocations=15 (full 0):
 garbage-first heap   total 61440K, used 25668K [0x0000000084000000, 0x0000000100000000)
  region size 1024K, 6 young (6144K), 2 survivors (2048K)
 Metaspace       used 60083K, committed 60480K, reserved 1114112K
  class space    used 7809K, committed 8000K, reserved 1048576K
}
Event: 3.238 GC heap after
{Heap after GC invocations=16 (full 0):
 garbage-first heap   total 61440K, used 22780K [0x0000000084000000, 0x0000000100000000)
  region size 1024K, 2 young (2048K), 2 survivors (2048K)
 Metaspace       used 60083K, committed 60480K, reserved 1114112K
  class space    used 7809K, committed 8000K, reserved 1048576K
}
Event: 3.563 GC heap before
{Heap before GC invocations=17 (full 0):
 garbage-first heap   total 61440K, used 47356K [0x0000000084000000, 0x0000000100000000)
  region size 1024K, 27 young (27648K), 2 survivors (2048K)
 Metaspace       used 65511K, committed 66048K, reserved 1114112K
  class space    used 8766K, committed 9024K, reserved 1048576K
}
Event: 3.566 GC heap after
{Heap after GC invocations=18 (full 0):
 garbage-first heap   total 81920K, used 23868K [0x0000000084000000, 0x0000000100000000)
  region size 1024K, 3 young (3072K), 3 survivors (3072K)
 Metaspace       used 65511K, committed 66048K, reserved 1114112K
  class space    used 8766K, committed 9024K, reserved 1048576K
}
Event: 4.168 GC heap before
{Heap before GC invocations=18 (full 0):
 garbage-first heap   total 81920K, used 64828K [0x0000000084000000, 0x0000000100000000)
  region size 1024K, 43 young (44032K), 3 survivors (3072K)
 Metaspace       used 72346K, committed 72896K, reserved 1114112K
  class space    used 9665K, committed 9920K, reserved 1048576K
}
Event: 4.173 GC heap after
{Heap after GC invocations=19 (full 0):
 garbage-first heap   total 81920K, used 27598K [0x0000000084000000, 0x0000000100000000)
  region size 1024K, 6 young (6144K), 6 survivors (6144K)
 Metaspace       used 72346K, committed 72896K, reserved 1114112K
  class space    used 9665K, committed 9920K, reserved 1048576K
}
Event: 15.540 GC heap before
{Heap before GC invocations=19 (full 0):
 garbage-first heap   total 81920K, used 62414K [0x0000000084000000, 0x0000000100000000)
  region size 1024K, 41 young (41984K), 6 survivors (6144K)
 Metaspace       used 78855K, committed 79424K, reserved 1179648K
  class space    used 10600K, committed 10880K, reserved 1048576K
}
Event: 15.547 GC heap after
{Heap after GC invocations=20 (full 0):
 garbage-first heap   total 81920K, used 30707K [0x0000000084000000, 0x0000000100000000)
  region size 1024K, 4 young (4096K), 4 survivors (4096K)
 Metaspace       used 78855K, committed 79424K, reserved 1179648K
  class space    used 10600K, committed 10880K, reserved 1048576K
}
Event: 15.905 GC heap before
{Heap before GC invocations=20 (full 0):
 garbage-first heap   total 81920K, used 67571K [0x0000000084000000, 0x0000000100000000)
  region size 1024K, 37 young (37888K), 4 survivors (4096K)
 Metaspace       used 81395K, committed 81984K, reserved 1179648K
  class space    used 10933K, committed 11200K, reserved 1048576K
}
Event: 15.909 GC heap after
{Heap after GC invocations=21 (full 0):
 garbage-first heap   total 81920K, used 37024K [0x0000000084000000, 0x0000000100000000)
  region size 1024K, 5 young (5120K), 5 survivors (5120K)
 Metaspace       used 81395K, committed 81984K, reserved 1179648K
  class space    used 10933K, committed 11200K, reserved 1048576K
}
Event: 537.915 GC heap before
{Heap before GC invocations=21 (full 0):
 garbage-first heap   total 81920K, used 63648K [0x0000000084000000, 0x0000000100000000)
  region size 1024K, 30 young (30720K), 5 survivors (5120K)
 Metaspace       used 82211K, committed 82752K, reserved 1179648K
  class space    used 10993K, committed 11264K, reserved 1048576K
}
Event: 537.917 GC heap after
{Heap after GC invocations=22 (full 0):
 garbage-first heap   total 81920K, used 35689K [0x0000000084000000, 0x0000000100000000)
  region size 1024K, 3 young (3072K), 3 survivors (3072K)
 Metaspace       used 82211K, committed 82752K, reserved 1179648K
  class space    used 10993K, committed 11264K, reserved 1048576K
}
Event: 537.959 GC heap before
{Heap before GC invocations=22 (full 0):
 garbage-first heap   total 81920K, used 54121K [0x0000000084000000, 0x0000000100000000)
  region size 1024K, 20 young (20480K), 3 survivors (3072K)
 Metaspace       used 82276K, committed 82944K, reserved 1179648K
  class space    used 10994K, committed 11328K, reserved 1048576K
}
Event: 537.962 GC heap after
{Heap after GC invocations=23 (full 0):
 garbage-first heap   total 81920K, used 39057K [0x0000000084000000, 0x0000000100000000)
  region size 1024K, 4 young (4096K), 4 survivors (4096K)
 Metaspace       used 82276K, committed 82944K, reserved 1179648K
  class space    used 10994K, committed 11328K, reserved 1048576K
}
Event: 537.963 GC heap before
{Heap before GC invocations=23 (full 0):
 garbage-first heap   total 81920K, used 43153K [0x0000000084000000, 0x0000000100000000)
  region size 1024K, 8 young (8192K), 4 survivors (4096K)
 Metaspace       used 82279K, committed 82944K, reserved 1179648K
  class space    used 10994K, committed 11328K, reserved 1048576K
}
Event: 537.966 GC heap after
{Heap after GC invocations=24 (full 0):
 garbage-first heap   total 81920K, used 39847K [0x0000000084000000, 0x0000000100000000)
  region size 1024K, 3 young (3072K), 3 survivors (3072K)
 Metaspace       used 82279K, committed 82944K, reserved 1179648K
  class space    used 10994K, committed 11328K, reserved 1048576K
}
Event: 5656.947 GC heap before
{Heap before GC invocations=25 (full 0):
 garbage-first heap   total 81920K, used 59303K [0x0000000084000000, 0x0000000100000000)
  region size 1024K, 22 young (22528K), 3 survivors (3072K)
 Metaspace       used 82549K, committed 83200K, reserved 1179648K
  class space    used 11009K, committed 11328K, reserved 1048576K
}
Event: 5656.971 GC heap after
{Heap after GC invocations=26 (full 0):
 garbage-first heap   total 81920K, used 41222K [0x0000000084000000, 0x0000000100000000)
  region size 1024K, 3 young (3072K), 3 survivors (3072K)
 Metaspace       used 82549K, committed 83200K, reserved 1179648K
  class space    used 11009K, committed 11328K, reserved 1048576K
}

